Sat Jul 28 2018 12:32:25 GMT+0530 (India Standard Time): GET /
Sat Jul 28 2018 12:32:45 GMT+0530 (India Standard Time): GET /
Sat Jul 28 2018 12:40:33 GMT+0530 (India Standard Time): GET /maintanace
Sat Jul 28 2018 12:40:51 GMT+0530 (India Standard Time): GET /maintanance
Sat Jul 28 2018 12:42:33 GMT+0530 (India Standard Time): GET /maintanance
Sat Jul 28 2018 12:46:20 GMT+0530 (India Standard Time): GET /
Sat Jul 28 2018 12:46:25 GMT+0530 (India Standard Time): GET /about
Sat Jul 28 2018 12:50:26 GMT+0530 (India Standard Time): GET /about
Sat Jul 28 2018 12:50:32 GMT+0530 (India Standard Time): GET /help.html
Sat Jul 28 2018 12:50:59 GMT+0530 (India Standard Time): GET /help.html
Sat Jul 28 2018 12:51:02 GMT+0530 (India Standard Time): GET /
Sat Jul 28 2018 12:51:04 GMT+0530 (India Standard Time): GET /about
Sat Jul 28 2018 12:51:05 GMT+0530 (India Standard Time): GET /
Sat Jul 28 2018 12:51:21 GMT+0530 (India Standard Time): GET /
Sat Jul 28 2018 14:45:31 GMT+0530 (India Standard Time): GET /
Sat Jul 28 2018 14:45:34 GMT+0530 (India Standard Time): GET /portfolio
Sat Jul 28 2018 14:46:00 GMT+0530 (India Standard Time): GET /portfolio
Sat Jul 28 2018 14:46:03 GMT+0530 (India Standard Time): GET /portfolio
Sat Jul 28 2018 14:46:11 GMT+0530 (India Standard Time): GET /portfolio
Sat Jul 28 2018 14:46:13 GMT+0530 (India Standard Time): GET /portfolio
Sat Jul 28 2018 14:46:16 GMT+0530 (India Standard Time): GET /
Sat Jul 28 2018 14:46:35 GMT+0530 (India Standard Time): GET /
Sat Jul 28 2018 14:47:06 GMT+0530 (India Standard Time): GET /
Sat Jul 28 2018 14:47:08 GMT+0530 (India Standard Time): GET /portfolio
Sat Jul 28 2018 14:47:12 GMT+0530 (India Standard Time): GET /
Sat Jul 28 2018 14:47:14 GMT+0530 (India Standard Time): GET /about
Sat Jul 28 2018 14:47:17 GMT+0530 (India Standard Time): GET /portfolio
